{"action":"entity/actions","context":{"environment":"development","userContext":{"correlationId":"CjReUFuWUW","id":"BTpzo1l42tP7PabeueYwkFzhZTl2"},"workspace":{"rootPath":"D:/Projektyprogr/lowgular-course-entry"}},"level":"info","message":"[API] Request for entity/actions","params":{"clickedPath":"D:/Projektyprogr/lowgular-course-entry/src/app/ui/employee-list/employee-list.component.ts"}}
{"funcParams":{"clickedPath":"D:/Projektyprogr/lowgular-course-entry/src/app/ui/employee-list/employee-list.component.ts"},"level":"info","message":"[CLI] Calling Query entity/actions"}
{"level":"info","message":"[CLI] Called Query entity/actions","result":[{"id":"INJECT","label":"Inject"}]}
{"level":"info","message":"[API] Response ok: entity/actions","result":[{"id":"INJECT","label":"Inject"}]}
{"action":"injectable/list","context":{"environment":"development","userContext":{"correlationId":"CjReUFuWUW","id":"BTpzo1l42tP7PabeueYwkFzhZTl2"},"workspace":{"rootPath":"D:/Projektyprogr/lowgular-course-entry"}},"level":"info","message":"[API] Request for injectable/list","params":{"entityFilePath":"D:/Projektyprogr/lowgular-course-entry/src/app/ui/employee-list/employee-list.component.ts"}}
{"funcParams":{"entityFilePath":"D:/Projektyprogr/lowgular-course-entry/src/app/ui/employee-list/employee-list.component.ts"},"level":"info","message":"[CLI] Calling Query injectable/list"}
{"level":"info","message":"[CLI] Called Query injectable/list","result":[{"dataType":"External","id":"httpClient","name":"HttpClient","relatedTypes":{}}]}
{"level":"info","message":"[API] Response ok: injectable/list","result":[{"dataType":"External","id":"httpClient","name":"HttpClient","relatedTypes":{}}]}
{"action":"injectable/inject-external","context":{"environment":"development","userContext":{"correlationId":"CjReUFuWUW","id":"BTpzo1l42tP7PabeueYwkFzhZTl2"},"workspace":{"rootPath":"D:/Projektyprogr/lowgular-course-entry"}},"level":"info","message":"[API] Request for injectable/inject-external","params":{"entityFilePath":"D:/Projektyprogr/lowgular-course-entry/src/app/ui/employee-list/employee-list.component.ts","externalId":"httpClient"}}
{"funcParams":{"entityFilePath":"D:/Projektyprogr/lowgular-course-entry/src/app/ui/employee-list/employee-list.component.ts","externalId":"httpClient"},"level":"info","message":"[CLI] Calling Command injectable/inject-external"}
{"level":"info","message":"[CLI] Called Command injectable/inject-external"}
{"level":"info","message":"[API] Response ok: injectable/inject-external","result":{"filePath":"D:/Projektyprogr/lowgular-course-entry/src/app/ui/employee-list/employee-list.component.ts"}}
{"commandName":"INJECT_EXTERNAL_DEPENDENCY","level":"info","message":"[CommandBus]: Dispatching command INJECT_EXTERNAL_DEPENDENCY","payload":{"entityFilePath":"D:/Projektyprogr/lowgular-course-entry/src/app/ui/employee-list/employee-list.component.ts","externalType":"HttpClient","genericFilePaths":[]}}
{"commandName":"INJECT_EXTERNAL_DEPENDENCY","level":"info","message":"[CommandBus]: Handled  INJECT_EXTERNAL_DEPENDENCY","payload":{"entityFilePath":"D:/Projektyprogr/lowgular-course-entry/src/app/ui/employee-list/employee-list.component.ts","externalType":"HttpClient","genericFilePaths":[]}}
{"action":"projects/list","context":{"environment":"development","userContext":{"correlationId":"faOE5JxPqV","id":"BTpzo1l42tP7PabeueYwkFzhZTl2"},"workspace":{"rootPath":"D:/Projektyprogr/lowgular-course-entry"}},"level":"info","message":"[API] Request for projects/list","params":{"clickedPath":"D:/Projektyprogr/lowgular-course-entry/src/app/ui/employee-list/employee-list.component.ts"}}
{"funcParams":{"clickedPath":"D:/Projektyprogr/lowgular-course-entry/src/app/ui/employee-list/employee-list.component.ts"},"level":"info","message":"[CLI] Calling Query projects/list"}
{"level":"info","message":"[CLI] Called Query projects/list","result":{"clickedProject":{"name":"lowgular-course-entry","path":"D:/Projektyprogr/lowgular-course-entry/src/app"},"otherProjects":[]}}
{"level":"info","message":"[API] Response ok: projects/list","result":{"clickedProject":{"name":"lowgular-course-entry","path":"D:/Projektyprogr/lowgular-course-entry/src/app"},"otherProjects":[]}}
{"action":"entity/list","context":{"environment":"development","userContext":{"correlationId":"faOE5JxPqV","id":"BTpzo1l42tP7PabeueYwkFzhZTl2"},"workspace":{"rootPath":"D:/Projektyprogr/lowgular-course-entry"}},"level":"info","message":"[API] Request for entity/list","params":{"clickedPath":"D:/Projektyprogr/lowgular-course-entry/src/app"}}
{"funcParams":{"clickedPath":"D:/Projektyprogr/lowgular-course-entry/src/app"},"level":"info","message":"[CLI] Calling Query entity/list"}
{"level":"info","message":"[CLI] Called Query entity/list","result":[{"folder":"ui/$name$","id":"smartComponent","insideOf":"App","suffix":"Component","type":"ANGULAR"},{"folder":"services","id":"dataService","insideOf":"App","suffix":"Service","type":"SERVICE"},{"folder":"model","id":"model","insideOf":"App","suffix":"Model","type":"DATA_STRUCTURE"}]}
{"level":"info","message":"[API] Response ok: entity/list","result":[{"folder":"ui/$name$","id":"smartComponent","insideOf":"App","suffix":"Component","type":"ANGULAR"},{"folder":"services","id":"dataService","insideOf":"App","suffix":"Service","type":"SERVICE"},{"folder":"model","id":"model","insideOf":"App","suffix":"Model","type":"DATA_STRUCTURE"}]}
